0	1	mikroCARM.exe -MSF -DBG -pSTM32F407VG -BIN -LHF -DL -SSA -O11111114 -fo16 -N"C:\Users\as\Desktop\Eslam_Alaa\session7\task1.mcpar" -SP"C:\Users\as\Documents\Mikroelektronika\mikroC PRO for ARM\Defs\" -SP"C:\Users\as\Documents\Mikroelektronika\mikroC PRO for ARM\Uses\ST M4\" -SP"C:\Users\as\Desktop\Eslam_Alaa\session7\" -IP"C:\Users\as\Documents\Mikroelektronika\mikroC PRO for ARM\Uses\ST M4\" -IP"C:\Users\as\Desktop\Eslam_Alaa\session7\" "task1.c" "TouchControl.c" "paint.c" "comm.c" "Game.c" "menu.c" "__Lib_Math.emcl" "__Lib_MathDouble.emcl" "__Lib_Delays.emcl" "__Lib_System_4XX.emcl" "__Lib_GPIO_32F4xx_Defs.emcl" "__Lib_GPIO_32F4xx.emcl" "__Lib_CType.emcl" "__Lib_CString.emcl" "__Lib_CStdlib.emcl" "__Lib_CMath.emcl" "__Lib_Conversions.emcl" "__Lib_Button.emcl" "__Lib_ADC_123_32F20x_16ch.emcl" "__Lib_UART_123_45_6.emcl" "__Lib_TFT.emcl" "__Lib_TFT_Defs.emcl" "__Lib_TouchPanel_TFT.emcl"	 
diagnostics: 0	122	Compilation Started	types.h
diagnostics: 115	123	Compiled Successfully	task1.c
diagnostics: 0	122	Compilation Started	TouchControl.c
diagnostics: 0	123	Compiled Successfully	TouchControl.c
diagnostics: 1	122	Compilation Started	TouchControl.c
diagnostics: 108	123	Compiled Successfully	paint.c
diagnostics: 0	122	Compilation Started	types.h
diagnostics: 65	123	Compiled Successfully	comm.c
diagnostics: 0	122	Compilation Started	types.h
diagnostics: 86	123	Compiled Successfully	Game.c
hint: 23	1164	Variable 'r' has been eliminated by optimizer	Game.c
diagnostics: 0	122	Compilation Started	types.h
diagnostics: 23	123	Compiled Successfully	menu.c
diagnostics: 0	127	All files Compiled in 125 ms	 
hint: 0	1144	Used RX: 16 (100%)   Free RX: 0 (0%)	Used RX: 16 (100%)   Free RX: 0 (0%)
hint: 0	1144	Static RAM (bytes): 322   Dynamic RAM (bytes): 130747	Static RAM (bytes): 322   Dynamic RAM (bytes): 130747
hint: 0	1144	Used ROM (bytes): 23118 (2%)  Free ROM (bytes): 1025458 (98%)	Used ROM (bytes): 23118 (2%)  Free ROM (bytes): 1025458 (98%)
diagnostics: 0	125	Project Linked Successfully	task1.mcpar
diagnostics: 0	128	Linked in 452 ms	 
diagnostics: 0	129	Project 'task1.mcpar' completed: 795 ms	 
diagnostics: 0	103	Finished successfully: 16 Улгиг 2018, 11:41:39	task1.mcpar
